23:19:04 - Deleting previously exisitng screenshot directories ----
23:19:04 - getScreenshotFolderLocation() - C:\Users\Sunil kumar\git\selenium-logs\..\..\Screenshots\
23:19:14 - <searchTextAndVerifyResultTest> Test Case - GS_GM_TC001_GMGS001_Perform_Google_Search_And_Verify_Result with Thread Id:- 10
23:19:14 - <searchTextAndVerifyResultTest> googleSearchPage.getTitle() Google
23:19:19 - <searchTextAndVerifyResultTest> https://abc.go.com/
23:19:20 - <searchTextAndVerifyResultTest> https://webcache.googleusercontent.com/search?q=cache:crsfz-iJGfQJ:https://abc.go.com/+&cd=1&hl=en&ct=clnk&gl=in
23:19:20 - <searchTextAndVerifyResultTest> https://abc.go.com/shows
23:19:21 - <searchTextAndVerifyResultTest> https://abc.go.com/watch-live
23:19:22 - <searchTextAndVerifyResultTest> https://abcnews.go.com/
23:19:22 - <searchTextAndVerifyResultTest> https://abc.go.com/apps
23:19:23 - <searchTextAndVerifyResultTest> https://www.youtube.com/watch?v=75p-N9YKqNo
23:19:24 - <searchTextAndVerifyResultTest> https://www.youtube.com/watch?v=hq3yfQnllfQ
23:19:24 - <searchTextAndVerifyResultTest> https://www.youtube.com/watch?v=_UR-l3QI2nE
23:19:25 - <searchTextAndVerifyResultTest> https://www.youtube.com/watch?v=A7SsGLLqrt0
23:19:26 - <searchTextAndVerifyResultTest> https://www.youtube.com/watch?v=uCIsBFV87-U
23:19:26 - <searchTextAndVerifyResultTest> https://www.youtube.com/watch?v=B1YMNwxFwME
23:19:27 - <searchTextAndVerifyResultTest> https://www.youtube.com/watch?v=BELlZKpi1Zs
23:19:28 - <searchTextAndVerifyResultTest> https://www.youtube.com/watch?v=C1-OFLsgnOU
23:19:28 - <searchTextAndVerifyResultTest> https://www.youtube.com/watch?v=bmaDLV1CnDM
23:19:30 - <searchTextAndVerifyResultTest> https://www.youtube.com/watch?v=36IBDpTRVNE
23:19:30 - <searchTextAndVerifyResultTest> https://abc.go.com/shows
23:19:31 - <searchTextAndVerifyResultTest> https://webcache.googleusercontent.com/search?q=cache:g2La8m4VddcJ:https://abc.go.com/shows+&cd=12&hl=en&ct=clnk&gl=in
23:19:32 - <searchTextAndVerifyResultTest> https://www.abc.net.au/
23:19:32 - <searchTextAndVerifyResultTest> https://webcache.googleusercontent.com/search?q=cache:Bn5PWjsJSqoJ:https://www.abc.net.au/+&cd=13&hl=en&ct=clnk&gl=in
23:19:34 - <searchTextAndVerifyResultTest> https://www.abc.net.au/news/2018-12-31/man-killed-by-ambulance-in-melbournes-south-east/10674858
23:19:34 - <searchTextAndVerifyResultTest> https://www.abc.net.au/news/2018-12-31/cane-toads-hitch-ride-on-monty-the-python-back/10675944
23:19:35 - <searchTextAndVerifyResultTest> https://www.news.com.au/entertainment/tv/an-australian-tradition-slamming-the-abcs-new-years-eve-coverage/news-story/379af483163c69fb3a590e3a21e5d944
23:19:35 - <searchTextAndVerifyResultTest> https://www.abc.net.au/news/
23:19:36 - <searchTextAndVerifyResultTest> https://webcache.googleusercontent.com/search?q=cache:MUXdZTyywjcJ:https://www.abc.net.au/news/+&cd=17&hl=en&ct=clnk&gl=in
23:19:37 - <searchTextAndVerifyResultTest> https://www.youtube.com/channel/UC_IpSl6O_-IRAA6fiNs05Gg
23:19:37 - <searchTextAndVerifyResultTest> https://webcache.googleusercontent.com/search?q=cache:yZfsb4CW48wJ:https://www.youtube.com/channel/UC_IpSl6O_-IRAA6fiNs05Gg+&cd=18&hl=en&ct=clnk&gl=in
23:19:38 - <searchTextAndVerifyResultTest> https://www.abc.org/
23:19:38 - <searchTextAndVerifyResultTest> https://webcache.googleusercontent.com/search?q=cache:E7DNw3fhQCMJ:https://www.abc.org/+&cd=19&hl=en&ct=clnk&gl=in
23:19:39 - <searchTextAndVerifyResultTest> https://www.google.com/search?q=related:https://www.abc.org/+abc&tbo=1&sa=X&ved=2ahUKEwjcspXA0MrfAhVVFHIKHfDqBEAQHzASegQIDhAF
23:19:39 - <searchTextAndVerifyResultTest> https://www.abc.org.uk/
23:19:40 - <searchTextAndVerifyResultTest> https://webcache.googleusercontent.com/search?q=cache:QPvGmeE3_T4J:https://www.abc.org.uk/+&cd=20&hl=en&ct=clnk&gl=in
23:19:40 - <searchTextAndVerifyResultTest> https://www.google.com/search?q=related:https://www.abc.org.uk/+abc&tbo=1&sa=X&ved=2ahUKEwjcspXA0MrfAhVVFHIKHfDqBEAQHzATegQIEhAF
23:19:41 - <searchTextAndVerifyResultTest> https://www.groundedreason.com/watch-abc-without-cable/
23:19:42 - <searchTextAndVerifyResultTest> https://abc.go.com/faq
23:19:42 - <searchTextAndVerifyResultTest> https://eits.uga.edu/network_and_phones/cable_tv/channel_listing/
23:19:43 - <searchTextAndVerifyResultTest> https://abc.go.com/watchabc-overview
23:19:52 - <searchTextAndVerifyResultTest> Test Case - GS_GM_TC001_GMGS001_Perform_Google_Search_And_Verify_Result with Thread Id:- 10
23:19:52 - <searchTextAndVerifyResultTest> googleSearchPage.getTitle() Google
23:19:57 - <searchTextAndVerifyResultTest> https://www.youtube.com/watch?v=NPM40ey1OHQ
23:19:58 - <searchTextAndVerifyResultTest> https://www.youtube.com/watch?v=cnwSEf9kkLg
23:19:58 - <searchTextAndVerifyResultTest> https://www.youtube.com/watch?v=xzWmcfi4Tmo
23:19:59 - <searchTextAndVerifyResultTest> https://www.youtube.com/watch?v=qGTB4bg_2jE
23:20 - <searchTextAndVerifyResultTest> https://timesofindia.indiatimes.com/videos/news/former-def-minister-ak-antony-says-rahul-sonia-gandhi-did-not-interfere-in-agustawestland/videoshow/67321386.cms
23:20 - <searchTextAndVerifyResultTest> https://www.youtube.com/watch?v=c6C0IzCO074
23:20:01 - <searchTextAndVerifyResultTest> https://www.youtube.com/watch?v=PFv1ZvDcLls
23:20:02 - <searchTextAndVerifyResultTest> https://www.youtube.com/watch?v=vwjwKPXy4sg
23:20:02 - <searchTextAndVerifyResultTest> https://en.wikipedia.org/wiki/Diesel_exhaust_fluid
23:20:03 - <searchTextAndVerifyResultTest> https://webcache.googleusercontent.com/search?q=cache:YREcRPND-YoJ:https://en.wikipedia.org/wiki/Diesel_exhaust_fluid+&cd=10&hl=en&ct=clnk&gl=in
23:20:04 - <searchTextAndVerifyResultTest> https://www.google.com/search?q=related:https://en.wikipedia.org/wiki/Diesel_exhaust_fluid+def&tbo=1&sa=X&ved=2ahUKEwi5y7nR0MrfAhVLXn0KHbBZAO8QHzAJegQIExAF&cshid=1546278593849000
23:20:04 - <searchTextAndVerifyResultTest> https://en.wikipedia.org/wiki/Diesel_exhaust_fluid#Chemistry
23:20:05 - <searchTextAndVerifyResultTest> https://en.wikipedia.org/wiki/Diesel_exhaust_fluid#Operation_in_winter_time
23:20:05 - <searchTextAndVerifyResultTest> https://en.wikipedia.org/wiki/Diesel_exhaust_fluid#Storage
23:20:06 - <searchTextAndVerifyResultTest> https://en.wikipedia.org/wiki/Def
23:20:07 - <searchTextAndVerifyResultTest> https://webcache.googleusercontent.com/search?q=cache:7_A7aygRb7YJ:https://en.wikipedia.org/wiki/Def+&cd=11&hl=en&ct=clnk&gl=in
23:20:07 - <searchTextAndVerifyResultTest> https://www.google.com/search?q=related:https://en.wikipedia.org/wiki/Def+def&tbo=1&sa=X&ved=2ahUKEwi5y7nR0MrfAhVLXn0KHbBZAO8QHzAKegQIFhAF&cshid=1546278593849000
23:20:08 - <searchTextAndVerifyResultTest> https://en.oxforddictionaries.com/definition/def
23:20:09 - <searchTextAndVerifyResultTest> https://webcache.googleusercontent.com/search?q=cache:-IpScIGUrJUJ:https://en.oxforddictionaries.com/definition/def+&cd=12&hl=en&ct=clnk&gl=in
23:20:09 - <searchTextAndVerifyResultTest> https://www.google.com/search?q=related:https://en.oxforddictionaries.com/definition/def+def&tbo=1&sa=X&ved=2ahUKEwi5y7nR0MrfAhVLXn0KHbBZAO8QHzALegQIDhAF&cshid=1546278593849000
23:20:10 - <searchTextAndVerifyResultTest> https://www.urbandictionary.com/define.php?term=def
23:20:10 - <searchTextAndVerifyResultTest> https://webcache.googleusercontent.com/search?q=cache:FZOvwqxTrxEJ:https://www.urbandictionary.com/define.php%3Fterm%3Ddef+&cd=13&hl=en&ct=clnk&gl=in
23:20:11 - <searchTextAndVerifyResultTest> https://www.merriam-webster.com/dictionary/def
23:20:11 - <searchTextAndVerifyResultTest> https://webcache.googleusercontent.com/search?q=cache:E2kzA1_qmkIJ:https://www.merriam-webster.com/dictionary/def+&cd=15&hl=en&ct=clnk&gl=in
23:20:12 - <searchTextAndVerifyResultTest> https://www.google.com/search?q=related:https://www.merriam-webster.com/dictionary/def+def&tbo=1&sa=X&ved=2ahUKEwi5y7nR0MrfAhVLXn0KHbBZAO8QHzAOegQICxAF&cshid=1546278593849000
23:20:12 - <searchTextAndVerifyResultTest> https://www.atlasoil.com/blog/show/what-is-def-and-how-does-it-work
23:20:13 - <searchTextAndVerifyResultTest> https://webcache.googleusercontent.com/search?q=cache:SLmDBvZ33mwJ:https://www.atlasoil.com/blog/show/what-is-def-and-how-does-it-work+&cd=16&hl=en&ct=clnk&gl=in
23:20:13 - <searchTextAndVerifyResultTest> https://dictionary.cambridge.org/dictionary/english/def
23:20:14 - <searchTextAndVerifyResultTest> https://webcache.googleusercontent.com/search?q=cache:QpOA3ckVIRQJ:https://dictionary.cambridge.org/dictionary/english/def+&cd=17&hl=en&ct=clnk&gl=in
23:20:14 - <searchTextAndVerifyResultTest> https://en.wiktionary.org/wiki/def
23:20:15 - <searchTextAndVerifyResultTest> https://webcache.googleusercontent.com/search?q=cache:VatCagMPvaYJ:https://en.wiktionary.org/wiki/def+&cd=18&hl=en&ct=clnk&gl=in
23:20:15 - <searchTextAndVerifyResultTest> https://www.google.com/search?q=related:https://en.wiktionary.org/wiki/def+def&tbo=1&sa=X&ved=2ahUKEwi5y7nR0MrfAhVLXn0KHbBZAO8QHzARegQIDRAF&cshid=1546278593849000
23:20:16 - <searchTextAndVerifyResultTest> https://www.cumminsfiltration.com/sites/default/files/MB10033.pdf
23:20:16 - <searchTextAndVerifyResultTest> https://www.jmesales.com/commonly-asked-questions-about-diesel-exhaust-fluid-def/
